#
# A fatal error has been detected by the Java Runtime Environment:
#
#  Internal Error (javaCalls.cpp:51), pid=1388, tid=0x0000000000000f58
#  guarantee(thread->is_Java_thread()) failed: crucial check - the VM thread cannot and must not escape to Java code
#
# JRE version: Java(TM) SE Runtime Environment (8.0_251-b08) (build 1.8.0_251-b08)
# Java VM: Java HotSpot(TM) 64-Bit Server VM (25.251-b08 mixed mode windows-amd64 compressed oops)
# Failed to write core dump. Minidumps are not enabled by default on client versions of Windows
#
# If you would like to submit a bug report, please visit:
#   http://bugreport.java.com/bugreport/crash.jsp
#

---------------  T H R E A D  ---------------

Current thread (0x000000001e1b2800):  VMThread [stack: 0x000000001f240000,0x000000001f340000] [id=3928]

Stack: [0x000000001f240000,0x000000001f340000]
[error occurred during error reporting (printing stack bounds), id 0xc0000005]

Native frames: (J=compiled Java code, j=interpreted, Vv=VM code, C=native code)

VM_Operation (0x000000001f8df420): GetOrSetLocal, mode: safepoint, requested by thread 0x000000001e245800


---------------  P R O C E S S  ---------------

Java Threads: ( => current thread )
  0x000000001e2e0800 JavaThread "Service Thread" daemon [_thread_blocked, id=8588, stack(0x000000001fee0000,0x000000001ffe0000)]
  0x000000001e2e4800 JavaThread "C1 CompilerThread3" daemon [_thread_blocked, id=10272, stack(0x000000001fde0000,0x000000001fee0000)]
  0x000000001e2fc800 JavaThread "C2 CompilerThread2" daemon [_thread_blocked, id=2708, stack(0x000000001fce0000,0x000000001fde0000)]
  0x000000001e2f9800 JavaThread "C2 CompilerThread1" daemon [_thread_blocked, id=6636, stack(0x000000001fbe0000,0x000000001fce0000)]
  0x000000001e2f9000 JavaThread "C2 CompilerThread0" daemon [_thread_blocked, id=10528, stack(0x000000001fae0000,0x000000001fbe0000)]
  0x000000001e259800 JavaThread "JDWP Command Reader" daemon [_thread_in_native, id=8036, stack(0x000000001f9e0000,0x000000001fae0000)]
  0x000000001e253000 JavaThread "JDWP Event Helper Thread" daemon [_thread_blocked, id=1608, stack(0x000000001f8e0000,0x000000001f9e0000)]
  0x000000001e245800 JavaThread "JDWP Transport Listener: dt_socket" daemon [_thread_blocked, id=7804, stack(0x000000001f7e0000,0x000000001f8e0000)]
  0x000000001e239800 JavaThread "Attach Listener" daemon [_thread_blocked, id=5188, stack(0x000000001f6e0000,0x000000001f7e0000)]
  0x000000001e238800 JavaThread "Signal Dispatcher" daemon [_thread_blocked, id=1636, stack(0x000000001f5e0000,0x000000001f6e0000)]
  0x000000001e1d3000 JavaThread "Finalizer" daemon [_thread_blocked, id=256, stack(0x000000001f440000,0x000000001f540000)]
  0x0000000002ea9000 JavaThread "Reference Handler" daemon [_thread_blocked, id=3300, stack(0x000000001f340000,0x000000001f440000)]
  0x0000000002db2800 JavaThread "main" [_thread_blocked, id=10400, stack(0x0000000002790000,0x0000000002890000)]

Other Threads:
=>0x000000001e1b2800 VMThread [stack: 0x000000001f240000,0x000000001f340000] [id=3928]
  0x000000001e2f4000 WatcherThread [stack: 0x000000001ffe0000,0x00000000200e0000] [id=6104]

VM state:at safepoint (normal execution)

VM Mutex/Monitor currently owned by a thread:  ([mutex/lock_event])
[0x0000000000fcd3a0] Threads_lock - owner thread: 0x000000001e1b2800

heap address: 0x00000006c1a00000, size: 4070 MB, Compressed Oops mode: Zero based, Oop shift amount: 3
Narrow klass base: 0x0000000000000000, Narrow klass shift: 3
Compressed class space size: 1073741824 Address: 0x00000007c0000000

Heap:
 PSYoungGen      total 76288K, used 9210K [0x000000076b380000, 0x0000000770880000, 0x00000007c0000000)
  eden space 65536K, 14% used [0x000000076b380000,0x000000076bc7e8a0,0x000000076f380000)
  from space 10752K, 0% used [0x000000076fe00000,0x000000076fe00000,0x0000000770880000)
  to   space 10752K, 0% used [0x000000076f380000,0x000000076f380000,0x000000076fe00000)
 ParOldGen       total 175104K, used 0K [0x00000006c1a00000, 0x00000006cc500000, 0x000000076b380000)
  object space 175104K, 0% used [0x00000006c1a00000,0x00000006c1a00000,0x00000006cc500000)
 Metaspace       used 5736K, capacity 5934K, committed 6144K, reserved 1056768K
  class space    used 617K, capacity 661K, committed 768K, reserved 1048576K

Card table byte_map: [0x0000000012270000,0x0000000012a70000] byte_map_base: 0x000000000ec63000

Marking Bits: (ParMarkBitMap*) 0x0000000066d9af90
 Begin Bits: [0x00000000139c0000, 0x0000000017958000)
 End Bits:   [0x0000000017958000, 0x000000001b8f0000)

Polling page: 0x0000000000fa0000

CodeCache: size=245760Kb used=1630Kb max_used=1630Kb free=244129Kb
 bounds [0x0000000002eb0000, 0x0000000003120000, 0x0000000011eb0000]
 total_blobs=498 nmethods=201 adapters=218
 compilation: enabled

Compilation events (10 events):
Event: 3971.787 Thread 0x000000001e2e4800  197       3       org.eclipse.jdt.launching.internal.org.objectweb.asm.SymbolTable::addConstantFieldref (10 bytes)
Event: 3971.787 Thread 0x000000001e2e4800 nmethod 197 0x0000000003041050 code [0x00000000030411c0, 0x0000000003041388]
Event: 3990.680 Thread 0x000000001e2f9800  198       4       org.eclipse.jdt.launching.internal.org.objectweb.asm.ClassReader::readUtf (44 bytes)
Event: 3990.683 Thread 0x000000001e2f9800 nmethod 198 0x0000000003043f50 code [0x00000000030440a0, 0x0000000003044368]
Event: 4004.218 Thread 0x000000001e2e4800  199       3       org.eclipse.jdt.launching.internal.org.objectweb.asm.Handler::getExceptionTableLength (21 bytes)
Event: 4004.218 Thread 0x000000001e2e4800 nmethod 199 0x0000000003043b10 code [0x0000000003043c80, 0x0000000003043e70]
Event: 4058.229 Thread 0x000000001e2e4800  200       3       org.eclipse.jdt.launching.internal.org.objectweb.asm.MethodWriter::visitFrame (811 bytes)
Event: 4058.231 Thread 0x000000001e2e4800 nmethod 200 0x0000000003044610 code [0x0000000003044ae0, 0x0000000003046f38]
Event: 4243.613 Thread 0x000000001e2e4800  201       3       org.eclipse.jdt.launching.internal.org.objectweb.asm.ClassReader::readVerificationTypeInfo (184 bytes)
Event: 4243.615 Thread 0x000000001e2e4800 nmethod 201 0x0000000003048990 code [0x0000000003048c60, 0x000000000304a4a8]

GC Heap History (0 events):
No events

Deoptimization events (0 events):
No events

Classes redefined (10 events):
Event: 3975.645 Thread 0x000000001e1b2800 redefined class name=homeWork.homeWork02, count=35
Event: 3988.488 Thread 0x000000001e1b2800 redefined class name=homeWork.homeWork02, count=36
Event: 3990.681 Thread 0x000000001e1b2800 redefined class name=homeWork.homeWork02, count=37
Event: 4004.219 Thread 0x000000001e1b2800 redefined class name=homeWork.homeWork02, count=38
Event: 4037.279 Thread 0x000000001e1b2800 redefined class name=homeWork.homeWork02, count=39
Event: 4058.230 Thread 0x000000001e1b2800 redefined class name=homeWork.homeWork02, count=40
Event: 4083.291 Thread 0x000000001e1b2800 redefined class name=homeWork.homeWork02, count=41
Event: 4086.463 Thread 0x000000001e1b2800 redefined class name=homeWork.homeWork02, count=42
Event: 4140.454 Thread 0x000000001e1b2800 redefined class name=homeWork.homeWork02, count=43
Event: 4243.614 Thread 0x000000001e1b2800 redefined class name=homeWork.homeWork02, count=44

Internal exceptions (6 events):
Event: 0.024 Thread 0x0000000002db2800 Exception <a 'java/lang/NoSuchMethodError': Method sun.misc.Unsafe.defineClass(Ljava/lang/String;[BII)Ljava/lang/Class; name or signature does not match> (0x000000076b387cc0) thrown at [C:\jenkins\workspace\8-2-build-windows-amd64-cygwin\jdk8u251\737\hots
Event: 0.024 Thread 0x0000000002db2800 Exception <a 'java/lang/NoSuchMethodError': Method sun.misc.Unsafe.prefetchRead(Ljava/lang/Object;J)V name or signature does not match> (0x000000076b387fa8) thrown at [C:\jenkins\workspace\8-2-build-windows-amd64-cygwin\jdk8u251\737\hotspot\src\share\vm\p
Event: 0.237 Thread 0x0000000002db2800 Exception <a 'java/security/PrivilegedActionException'> (0x000000076b9836a8) thrown at [C:\jenkins\workspace\8-2-build-windows-amd64-cygwin\jdk8u251\737\hotspot\src\share\vm\prims\jvm.cpp, line 1502]
Event: 0.237 Thread 0x0000000002db2800 Exception <a 'java/security/PrivilegedActionException'> (0x000000076b983aa0) thrown at [C:\jenkins\workspace\8-2-build-windows-amd64-cygwin\jdk8u251\737\hotspot\src\share\vm\prims\jvm.cpp, line 1502]
Event: 0.237 Thread 0x0000000002db2800 Exception <a 'java/security/PrivilegedActionException'> (0x000000076b9878f8) thrown at [C:\jenkins\workspace\8-2-build-windows-amd64-cygwin\jdk8u251\737\hotspot\src\share\vm\prims\jvm.cpp, line 1502]
Event: 0.237 Thread 0x0000000002db2800 Exception <a 'java/security/PrivilegedActionException'> (0x000000076b987cf0) thrown at [C:\jenkins\workspace\8-2-build-windows-amd64-cygwin\jdk8u251\737\hotspot\src\share\vm\prims\jvm.cpp, line 1502]

Events (10 events):
Event: 4243.650 Executing VM operation: GetCurrentContendedMonitor done
Event: 4393.732 Executing VM operation: GetCurrentContendedMonitor
Event: 4393.732 Executing VM operation: GetCurrentContendedMonitor done
Event: 4393.732 Executing VM operation: GetOwnedMonitorInfo
Event: 4393.732 Executing VM operation: GetOwnedMonitorInfo done
Event: 4395.491 Executing VM operation: GetCurrentContendedMonitor
Event: 4395.491 Executing VM operation: GetCurrentContendedMonitor done
Event: 4395.492 Executing VM operation: GetOwnedMonitorInfo
Event: 4395.492 Executing VM operation: GetOwnedMonitorInfo done
Event: 4397.013 Executing VM operation: GetOrSetLocal


Dynamic libraries:
0x00007ff6ba2f0000 - 0x00007ff6ba327000 	C:\Program Files\Java\jre1.8.0_251\bin\javaw.exe
0x00007ffd568c0000 - 0x00007ffd56ab0000 	C:\Windows\SYSTEM32\ntdll.dll
0x00007ffd56050000 - 0x00007ffd56102000 	C:\Windows\System32\KERNEL32.DLL
0x00007ffd54660000 - 0x00007ffd54904000 	C:\Windows\System32\KERNELBASE.dll
0x00007ffd55300000 - 0x00007ffd553a3000 	C:\Windows\System32\ADVAPI32.dll
0x00007ffd55fb0000 - 0x00007ffd5604e000 	C:\Windows\System32\msvcrt.dll
0x00007ffd54f70000 - 0x00007ffd55007000 	C:\Windows\System32\sechost.dll
0x00007ffd55d30000 - 0x00007ffd55e50000 	C:\Windows\System32\RPCRT4.dll
0x00007ffd55850000 - 0x00007ffd559e4000 	C:\Windows\System32\USER32.dll
0x00007ffd53b40000 - 0x00007ffd53b61000 	C:\Windows\System32\win32u.dll
0x00007ffd553d0000 - 0x00007ffd553f6000 	C:\Windows\System32\GDI32.dll
0x00007ffd53850000 - 0x00007ffd539e4000 	C:\Windows\System32\gdi32full.dll
0x00007ffd53b70000 - 0x00007ffd53c0e000 	C:\Windows\System32\msvcp_win.dll
0x00007ffd54510000 - 0x00007ffd5460a000 	C:\Windows\System32\ucrtbase.dll
0x00007ffd411f0000 - 0x00007ffd41474000 	C:\Windows\WinSxS\amd64_microsoft.windows.common-controls_6595b64144ccf1df_6.0.18362.836_none_e6c4b943130f18ed\COMCTL32.dll
0x00007ffd559f0000 - 0x00007ffd55d26000 	C:\Windows\System32\combase.dll
0x00007ffd53cf0000 - 0x00007ffd53d70000 	C:\Windows\System32\bcryptPrimitives.dll
0x00007ffd55670000 - 0x00007ffd5569e000 	C:\Windows\System32\IMM32.DLL
0x0000000066490000 - 0x0000000066562000 	C:\Program Files\Java\jre1.8.0_251\bin\msvcr100.dll
0x0000000066570000 - 0x0000000066e1b000 	C:\Program Files\Java\jre1.8.0_251\bin\server\jvm.dll
0x00007ffd54e90000 - 0x00007ffd54e98000 	C:\Windows\System32\PSAPI.DLL
0x00007ffd42200000 - 0x00007ffd42209000 	C:\Windows\SYSTEM32\WSOCK32.dll
0x00007ffd557e0000 - 0x00007ffd5584f000 	C:\Windows\System32\WS2_32.dll
0x00007ffd50880000 - 0x00007ffd508a4000 	C:\Windows\SYSTEM32\WINMM.dll
0x00007ffd4eca0000 - 0x00007ffd4ecaa000 	C:\Windows\SYSTEM32\VERSION.dll
0x00007ffd50850000 - 0x00007ffd5087d000 	C:\Windows\SYSTEM32\winmmbase.dll
0x00007ffd54610000 - 0x00007ffd5465a000 	C:\Windows\System32\cfgmgr32.dll
0x00007ffd2a490000 - 0x00007ffd2a49f000 	C:\Program Files\Java\jre1.8.0_251\bin\verify.dll
0x00007ffd21180000 - 0x00007ffd211a9000 	C:\Program Files\Java\jre1.8.0_251\bin\java.dll
0x00007ffd4b240000 - 0x00007ffd4b275000 	C:\Program Files\Java\jre1.8.0_251\bin\jdwp.dll
0x00007ffd507c0000 - 0x00007ffd507c8000 	C:\Program Files\Java\jre1.8.0_251\bin\npt.dll
0x00007ffd3fd50000 - 0x00007ffd3fd73000 	C:\Program Files\Java\jre1.8.0_251\bin\instrument.dll
0x00007ffd21160000 - 0x00007ffd21176000 	C:\Program Files\Java\jre1.8.0_251\bin\zip.dll
0x00007ffd56110000 - 0x00007ffd567f4000 	C:\Windows\System32\SHELL32.dll
0x00007ffd54970000 - 0x00007ffd54a19000 	C:\Windows\System32\shcore.dll
0x00007ffd53d90000 - 0x00007ffd5450e000 	C:\Windows\System32\windows.storage.dll
0x00007ffd53820000 - 0x00007ffd53843000 	C:\Windows\System32\profapi.dll
0x00007ffd537b0000 - 0x00007ffd537fa000 	C:\Windows\System32\powrprof.dll
0x00007ffd53780000 - 0x00007ffd53790000 	C:\Windows\System32\UMPDC.dll
0x00007ffd55100000 - 0x00007ffd55152000 	C:\Windows\System32\shlwapi.dll
0x00007ffd53790000 - 0x00007ffd537a1000 	C:\Windows\System32\kernel.appcore.dll
0x00007ffd53d70000 - 0x00007ffd53d87000 	C:\Windows\System32\cryptsp.dll
0x00007ffd507b0000 - 0x00007ffd507b9000 	C:\Program Files\Java\jre1.8.0_251\bin\dt_socket.dll
0x00007ffd2a4e0000 - 0x00007ffd2a4f6000 	C:\Windows\system32\napinsp.dll
0x00007ffd2a500000 - 0x00007ffd2a51a000 	C:\Windows\system32\pnrpnsp.dll
0x00007ffd52f90000 - 0x00007ffd52ff7000 	C:\Windows\System32\mswsock.dll
0x00007ffd52ce0000 - 0x00007ffd52dab000 	C:\Windows\SYSTEM32\DNSAPI.dll
0x00007ffd55070000 - 0x00007ffd55078000 	C:\Windows\System32\NSI.dll
0x00007ffd52ca0000 - 0x00007ffd52cda000 	C:\Windows\SYSTEM32\IPHLPAPI.DLL
0x00007ffd389f0000 - 0x00007ffd389fe000 	C:\Windows\System32\winrnr.dll
0x00007ffd502a0000 - 0x00007ffd502bc000 	C:\Windows\system32\NLAapi.dll
0x00007ffd3a120000 - 0x00007ffd3a135000 	C:\Windows\system32\wshbth.dll
0x00007ffd4ce50000 - 0x00007ffd4cec7000 	C:\Windows\System32\fwpuclnt.dll
0x00007ffd53cc0000 - 0x00007ffd53ce6000 	C:\Windows\System32\bcrypt.dll
0x00007ffd4d090000 - 0x00007ffd4d09a000 	C:\Windows\System32\rasadhlp.dll

VM Arguments:
jvm_args: -agentlib:jdwp=transport=dt_socket,suspend=y,address=localhost:52168 -javaagent:D:\eclipse\configuration\org.eclipse.osgi\411\0\.cp\lib\javaagent-shaded.jar -Dfile.encoding=MS949 
java_command: homeWork.homeWork02
java_class_path (initial): D:\Java1\0525Java\bin;D:\eclipse\configuration\org.eclipse.osgi\411\0\.cp\lib\javaagent-shaded.jar
Launcher Type: SUN_STANDARD

Environment Variables:
JAVA_HOME=C:\Java\jdk1.8.0_251
PATH=C:/Program Files/Java/jre1.8.0_251/bin/server;C:/Program Files/Java/jre1.8.0_251/bin;C:/Program Files/Java/jre1.8.0_251/lib/amd64;%JAVA_HOME%\bin;C:\Program Files (x86)\Common Files\Oracle\Java\javapath;C:\Windows\system32;C:\Windows;C:\Windows\System32\Wbem;C:\Windows\System32\WindowsPowerShell\v1.0\;C:\Windows\System32\OpenSSH\;C:\Users\user\AppData\Local\Microsoft\WindowsApps;;D:\eclipse;
USERNAME=user
OS=Windows_NT
PROCESSOR_IDENTIFIER=Intel64 Family 6 Model 158 Stepping 10, GenuineIntel



---------------  S Y S T E M  ---------------

OS: Windows 10.0 , 64 bit Build 18362 (10.0.18362.778)

CPU:total 12 (initial active 12) (6 cores per cpu, 2 threads per core) family 6 model 158 stepping 10, cmov, cx8, fxsr, mmx, sse, sse2, sse3, ssse3, sse4.1, sse4.2, popcnt, avx, avx2, aes, clmul, erms, rtm, 3dnowpref, lzcnt, ht, tsc, tscinvbit, bmi1, bmi2, adx

Memory: 4k page, physical 16668672k(12178828k free), swap 19159040k(10238668k free)

vm_info: Java HotSpot(TM) 64-Bit Server VM (25.251-b08) for windows-amd64 JRE (1.8.0_251-b08), built on Mar 12 2020 06:31:49 by "" with MS VC++ 10.0 (VS2010)

time: Mon May 25 15:57:38 2020
timezone: 대한민국 표준시
elapsed time: 4397 seconds (0d 1h 13m 17s)

